# Logfile created on 2011-09-26 23:42:37 +0200 by logger.rb/25413
REQUESTING PAGE: GET /signup with {} and HTTP headers {}
REQUESTING PAGE: GET /signup with {} and HTTP headers {}
REQUESTING PAGE: GET /signup with {} and HTTP headers {}
REQUESTING PAGE: GET /signup with {} and HTTP headers {}
REQUESTING PAGE: GET /signup with {} and HTTP headers {}
REQUESTING PAGE: GET /signup with {} and HTTP headers {}
REQUESTING PAGE: GET /signup with {} and HTTP headers {}
REQUESTING PAGE: POST /users with {"utf8"=>"✓", "user[first_name]"=>"", "user[last_name]"=>"", "user[email]"=>"", "user[password]"=>"", "user[password_confirmation]"=>"", "commit"=>"Sign up"} and HTTP headers {"HTTP_REFERER"=>"/signup"}
REQUESTING PAGE: GET /signup with {} and HTTP headers {}
REQUESTING PAGE: POST /users with {"utf8"=>"✓", "user[first_name]"=>"Example", "user[last_name]"=>"User", "user[email]"=>"user@example.com", "user[password]"=>"foobar", "user[password_confirmation]"=>"foobar", "commit"=>"Sign up"} and HTTP headers {"HTTP_REFERER"=>"/signup"}
REQUESTING PAGE: GET http://www.example.com/ with {} and HTTP headers {"HTTP_REFERER"=>"/users"}
REQUESTING PAGE: GET /signup with {} and HTTP headers {}
REQUESTING PAGE: POST /users with {"utf8"=>"✓", "user[first_name]"=>"", "user[last_name]"=>"", "user[email]"=>"", "user[password]"=>"", "user[password_confirmation]"=>"", "commit"=>"Sign up"} and HTTP headers {"HTTP_REFERER"=>"/signup"}
REQUESTING PAGE: GET /signup with {} and HTTP headers {}
REQUESTING PAGE: POST /users with {"utf8"=>"✓", "user[first_name]"=>"Example", "user[last_name]"=>"User", "user[email]"=>"user@example.com", "user[password]"=>"foobar", "user[password_confirmation]"=>"foobar", "commit"=>"Sign up"} and HTTP headers {"HTTP_REFERER"=>"/signup"}
REQUESTING PAGE: GET http://www.example.com/ with {} and HTTP headers {"HTTP_REFERER"=>"/users"}
REQUESTING PAGE: GET /signup with {} and HTTP headers {}
REQUESTING PAGE: POST /users with {"utf8"=>"✓", "user[first_name]"=>"", "user[last_name]"=>"", "user[email]"=>"", "user[password]"=>"", "user[password_confirmation]"=>"", "commit"=>"Sign up"} and HTTP headers {"HTTP_REFERER"=>"/signup"}
REQUESTING PAGE: GET /signup with {} and HTTP headers {}
REQUESTING PAGE: POST /users with {"utf8"=>"✓", "user[first_name]"=>"Example", "user[last_name]"=>"User", "user[email]"=>"user@example.com", "user[password]"=>"foobar", "user[password_confirmation]"=>"foobar", "commit"=>"Sign up"} and HTTP headers {"HTTP_REFERER"=>"/signup"}
REQUESTING PAGE: GET http://www.example.com/ with {} and HTTP headers {"HTTP_REFERER"=>"/users"}
REQUESTING PAGE: GET /login with {} and HTTP headers {}
REQUESTING PAGE: POST /sessions with {"utf8"=>"✓", "session[email]"=>"", "session[password]"=>"", "commit"=>"Sign in"} and HTTP headers {"HTTP_REFERER"=>"/login"}
REQUESTING PAGE: GET /login with {} and HTTP headers {}
REQUESTING PAGE: POST /sessions with {"utf8"=>"✓", "session[email]"=>"mhartl@example.com", "session[password]"=>"foobar", "commit"=>"Sign in"} and HTTP headers {"HTTP_REFERER"=>"/login"}
REQUESTING PAGE: GET http://www.example.com/ with {} and HTTP headers {"HTTP_REFERER"=>"/sessions"}
REQUESTING PAGE: GET /signup with {} and HTTP headers {}
REQUESTING PAGE: POST /users with {"utf8"=>"✓", "user[first_name]"=>"", "user[last_name]"=>"", "user[email]"=>"", "user[password]"=>"", "user[password_confirmation]"=>"", "commit"=>"Sign up"} and HTTP headers {"HTTP_REFERER"=>"/signup"}
REQUESTING PAGE: GET /signup with {} and HTTP headers {}
REQUESTING PAGE: POST /users with {"utf8"=>"✓", "user[first_name]"=>"Example", "user[last_name]"=>"User", "user[email]"=>"user@example.com", "user[password]"=>"foobar", "user[password_confirmation]"=>"foobar", "commit"=>"Sign up"} and HTTP headers {"HTTP_REFERER"=>"/signup"}
REQUESTING PAGE: GET http://www.example.com/ with {} and HTTP headers {"HTTP_REFERER"=>"/users"}
REQUESTING PAGE: GET /login with {} and HTTP headers {}
REQUESTING PAGE: POST /sessions with {"utf8"=>"✓", "session[email]"=>"", "session[password]"=>"", "commit"=>"Sign in"} and HTTP headers {"HTTP_REFERER"=>"/login"}
REQUESTING PAGE: GET /login with {} and HTTP headers {}
REQUESTING PAGE: POST /sessions with {"utf8"=>"✓", "session[email]"=>"mhartl@example.com", "session[password]"=>"foobar", "commit"=>"Sign in"} and HTTP headers {"HTTP_REFERER"=>"/login"}
REQUESTING PAGE: GET http://www.example.com/ with {} and HTTP headers {"HTTP_REFERER"=>"/sessions"}
REQUESTING PAGE: GET /signup with {} and HTTP headers {}
REQUESTING PAGE: POST /users with {"utf8"=>"✓", "user[first_name]"=>"", "user[last_name]"=>"", "user[email]"=>"", "user[password]"=>"", "user[password_confirmation]"=>"", "commit"=>"Sign up"} and HTTP headers {"HTTP_REFERER"=>"/signup"}
REQUESTING PAGE: GET /signup with {} and HTTP headers {}
REQUESTING PAGE: POST /users with {"utf8"=>"✓", "user[first_name]"=>"Example", "user[last_name]"=>"User", "user[email]"=>"user@example.com", "user[password]"=>"foobar", "user[password_confirmation]"=>"foobar", "commit"=>"Sign up"} and HTTP headers {"HTTP_REFERER"=>"/signup"}
REQUESTING PAGE: GET http://www.example.com/ with {} and HTTP headers {"HTTP_REFERER"=>"/users"}
REQUESTING PAGE: GET /login with {} and HTTP headers {}
REQUESTING PAGE: POST /sessions with {"utf8"=>"✓", "session[email]"=>"", "session[password]"=>"", "commit"=>"Sign in"} and HTTP headers {"HTTP_REFERER"=>"/login"}
REQUESTING PAGE: GET /login with {} and HTTP headers {}
REQUESTING PAGE: POST /sessions with {"utf8"=>"✓", "session[email]"=>"mhartl@example.com", "session[password]"=>"foobar", "commit"=>"Sign in"} and HTTP headers {"HTTP_REFERER"=>"/login"}
REQUESTING PAGE: GET http://www.example.com/ with {} and HTTP headers {"HTTP_REFERER"=>"/sessions"}
REQUESTING PAGE: GET /logout with {} and HTTP headers {"HTTP_REFERER"=>"http://www.example.com/"}
REQUESTING PAGE: GET http://www.example.com/ with {} and HTTP headers {"HTTP_REFERER"=>"/logout"}
REQUESTING PAGE: GET /signup with {} and HTTP headers {}
REQUESTING PAGE: POST /users with {"utf8"=>"✓", "user[first_name]"=>"", "user[last_name]"=>"", "user[email]"=>"", "user[password]"=>"", "user[password_confirmation]"=>"", "commit"=>"Sign up"} and HTTP headers {"HTTP_REFERER"=>"/signup"}
REQUESTING PAGE: GET /signup with {} and HTTP headers {}
REQUESTING PAGE: POST /users with {"utf8"=>"✓", "user[first_name]"=>"Example", "user[last_name]"=>"User", "user[email]"=>"user@example.com", "user[password]"=>"foobar", "user[password_confirmation]"=>"foobar", "commit"=>"Sign up"} and HTTP headers {"HTTP_REFERER"=>"/signup"}
REQUESTING PAGE: GET http://www.example.com/ with {} and HTTP headers {"HTTP_REFERER"=>"/users"}
REQUESTING PAGE: GET /login with {} and HTTP headers {}
REQUESTING PAGE: POST /sessions with {"utf8"=>"✓", "session[email]"=>"", "session[password]"=>"", "commit"=>"Sign in"} and HTTP headers {"HTTP_REFERER"=>"/login"}
REQUESTING PAGE: GET /login with {} and HTTP headers {}
REQUESTING PAGE: POST /sessions with {"utf8"=>"✓", "session[email]"=>"mhartl@example.com", "session[password]"=>"foobar", "commit"=>"Sign in"} and HTTP headers {"HTTP_REFERER"=>"/login"}
REQUESTING PAGE: GET http://www.example.com/ with {} and HTTP headers {"HTTP_REFERER"=>"/sessions"}
REQUESTING PAGE: GET /logout with {} and HTTP headers {"HTTP_REFERER"=>"http://www.example.com/"}
REQUESTING PAGE: GET http://www.example.com/ with {} and HTTP headers {"HTTP_REFERER"=>"/logout"}
REQUESTING PAGE: GET /signup with {} and HTTP headers {}
REQUESTING PAGE: POST /users with {"utf8"=>"✓", "user[first_name]"=>"", "user[last_name]"=>"", "user[email]"=>"", "user[password]"=>"", "user[password_confirmation]"=>"", "commit"=>"Sign up"} and HTTP headers {"HTTP_REFERER"=>"/signup"}
REQUESTING PAGE: GET /signup with {} and HTTP headers {}
REQUESTING PAGE: POST /users with {"utf8"=>"✓", "user[first_name]"=>"Example", "user[last_name]"=>"User", "user[email]"=>"user@example.com", "user[password]"=>"foobar", "user[password_confirmation]"=>"foobar", "commit"=>"Sign up"} and HTTP headers {"HTTP_REFERER"=>"/signup"}
REQUESTING PAGE: GET http://www.example.com/ with {} and HTTP headers {"HTTP_REFERER"=>"/users"}
REQUESTING PAGE: GET /login with {} and HTTP headers {}
REQUESTING PAGE: POST /sessions with {"utf8"=>"✓", "session[email]"=>"", "session[password]"=>"", "commit"=>"Sign in"} and HTTP headers {"HTTP_REFERER"=>"/login"}
REQUESTING PAGE: GET /login with {} and HTTP headers {}
REQUESTING PAGE: POST /sessions with {"utf8"=>"✓", "session[email]"=>"mhartl@example.com", "session[password]"=>"foobar", "commit"=>"Sign in"} and HTTP headers {"HTTP_REFERER"=>"/login"}
REQUESTING PAGE: GET http://www.example.com/ with {} and HTTP headers {"HTTP_REFERER"=>"/sessions"}
REQUESTING PAGE: GET /logout with {} and HTTP headers {"HTTP_REFERER"=>"http://www.example.com/"}
REQUESTING PAGE: GET http://www.example.com/ with {} and HTTP headers {"HTTP_REFERER"=>"/logout"}
REQUESTING PAGE: GET /signup with {} and HTTP headers {}
REQUESTING PAGE: POST /users with {"utf8"=>"✓", "user[first_name]"=>"", "user[last_name]"=>"", "user[email]"=>"", "user[password]"=>"", "user[password_confirmation]"=>"", "commit"=>"Sign up"} and HTTP headers {"HTTP_REFERER"=>"/signup"}
REQUESTING PAGE: GET /signup with {} and HTTP headers {}
REQUESTING PAGE: POST /users with {"utf8"=>"✓", "user[first_name]"=>"Example", "user[last_name]"=>"User", "user[email]"=>"user@example.com", "user[password]"=>"foobar", "user[password_confirmation]"=>"foobar", "commit"=>"Sign up"} and HTTP headers {"HTTP_REFERER"=>"/signup"}
REQUESTING PAGE: GET http://www.example.com/ with {} and HTTP headers {"HTTP_REFERER"=>"/users"}
REQUESTING PAGE: GET /login with {} and HTTP headers {}
REQUESTING PAGE: POST /sessions with {"utf8"=>"✓", "session[email]"=>"", "session[password]"=>"", "commit"=>"Sign in"} and HTTP headers {"HTTP_REFERER"=>"/login"}
REQUESTING PAGE: GET /login with {} and HTTP headers {}
REQUESTING PAGE: POST /sessions with {"utf8"=>"✓", "session[email]"=>"mhartl@example.com", "session[password]"=>"foobar", "commit"=>"Sign in"} and HTTP headers {"HTTP_REFERER"=>"/login"}
REQUESTING PAGE: GET http://www.example.com/ with {} and HTTP headers {"HTTP_REFERER"=>"/sessions"}
REQUESTING PAGE: GET /logout with {} and HTTP headers {"HTTP_REFERER"=>"http://www.example.com/"}
REQUESTING PAGE: GET http://www.example.com/ with {} and HTTP headers {"HTTP_REFERER"=>"/logout"}
REQUESTING PAGE: GET /login with {} and HTTP headers {}
REQUESTING PAGE: POST /sessions with {"utf8"=>"✓", "session[email]"=>"mhartl@example.com", "session[password]"=>"foobar", "commit"=>"Sign in"} and HTTP headers {"HTTP_REFERER"=>"/login"}
REQUESTING PAGE: GET http://www.example.com/ with {} and HTTP headers {"HTTP_REFERER"=>"/sessions"}
REQUESTING PAGE: GET /projects/new with {} and HTTP headers {"HTTP_REFERER"=>"http://www.example.com/"}
REQUESTING PAGE: POST /projects with {"utf8"=>"✓", "project[name]"=>"", "commit"=>"Create project", "project[description]"=>""} and HTTP headers {"HTTP_REFERER"=>"/projects/new"}
REQUESTING PAGE: GET /login with {} and HTTP headers {}
REQUESTING PAGE: POST /sessions with {"utf8"=>"✓", "session[email]"=>"mhartl@example.com", "session[password]"=>"foobar", "commit"=>"Sign in"} and HTTP headers {"HTTP_REFERER"=>"/login"}
REQUESTING PAGE: GET http://www.example.com/ with {} and HTTP headers {"HTTP_REFERER"=>"/sessions"}
REQUESTING PAGE: GET /projects/new with {} and HTTP headers {"HTTP_REFERER"=>"http://www.example.com/"}
REQUESTING PAGE: GET /login with {} and HTTP headers {}
REQUESTING PAGE: POST /sessions with {"utf8"=>"✓", "session[email]"=>"mhartl@example.com", "session[password]"=>"foobar", "commit"=>"Sign in"} and HTTP headers {"HTTP_REFERER"=>"/login"}
REQUESTING PAGE: GET http://www.example.com/ with {} and HTTP headers {"HTTP_REFERER"=>"/sessions"}
REQUESTING PAGE: GET /projects/new with {} and HTTP headers {"HTTP_REFERER"=>"http://www.example.com/"}
REQUESTING PAGE: POST /projects with {"utf8"=>"✓", "project[name]"=>"", "commit"=>"Create project", "project[description]"=>""} and HTTP headers {"HTTP_REFERER"=>"/projects/new"}
REQUESTING PAGE: GET /login with {} and HTTP headers {}
REQUESTING PAGE: POST /sessions with {"utf8"=>"✓", "session[email]"=>"mhartl@example.com", "session[password]"=>"foobar", "commit"=>"Sign in"} and HTTP headers {"HTTP_REFERER"=>"/login"}
REQUESTING PAGE: GET http://www.example.com/ with {} and HTTP headers {"HTTP_REFERER"=>"/sessions"}
REQUESTING PAGE: GET /projects/new with {} and HTTP headers {"HTTP_REFERER"=>"http://www.example.com/"}
REQUESTING PAGE: GET /login with {} and HTTP headers {}
REQUESTING PAGE: POST /sessions with {"utf8"=>"✓", "session[email]"=>"mhartl@example.com", "session[password]"=>"foobar", "commit"=>"Sign in"} and HTTP headers {"HTTP_REFERER"=>"/login"}
REQUESTING PAGE: GET http://www.example.com/ with {} and HTTP headers {"HTTP_REFERER"=>"/sessions"}
REQUESTING PAGE: GET /projects/new with {} and HTTP headers {"HTTP_REFERER"=>"http://www.example.com/"}
REQUESTING PAGE: POST /projects with {"utf8"=>"✓", "project[name]"=>"", "commit"=>"Create project", "project[description]"=>""} and HTTP headers {"HTTP_REFERER"=>"/projects/new"}
REQUESTING PAGE: GET /login with {} and HTTP headers {}
REQUESTING PAGE: POST /sessions with {"utf8"=>"✓", "session[email]"=>"mhartl@example.com", "session[password]"=>"foobar", "commit"=>"Sign in"} and HTTP headers {"HTTP_REFERER"=>"/login"}
REQUESTING PAGE: GET http://www.example.com/ with {} and HTTP headers {"HTTP_REFERER"=>"/sessions"}
REQUESTING PAGE: GET /projects/new with {} and HTTP headers {"HTTP_REFERER"=>"http://www.example.com/"}
REQUESTING PAGE: GET /login with {} and HTTP headers {}
REQUESTING PAGE: POST /sessions with {"utf8"=>"✓", "session[email]"=>"mhartl@example.com", "session[password]"=>"foobar", "commit"=>"Sign in"} and HTTP headers {"HTTP_REFERER"=>"/login"}
REQUESTING PAGE: GET http://www.example.com/ with {} and HTTP headers {"HTTP_REFERER"=>"/sessions"}
REQUESTING PAGE: GET /projects/new with {} and HTTP headers {"HTTP_REFERER"=>"http://www.example.com/"}
REQUESTING PAGE: POST /projects with {"utf8"=>"✓", "project[name]"=>"", "commit"=>"Create project", "project[description]"=>""} and HTTP headers {"HTTP_REFERER"=>"/projects/new"}
REQUESTING PAGE: GET /login with {} and HTTP headers {}
REQUESTING PAGE: POST /sessions with {"utf8"=>"✓", "session[email]"=>"mhartl@example.com", "session[password]"=>"foobar", "commit"=>"Sign in"} and HTTP headers {"HTTP_REFERER"=>"/login"}
REQUESTING PAGE: GET http://www.example.com/ with {} and HTTP headers {"HTTP_REFERER"=>"/sessions"}
REQUESTING PAGE: GET /projects/new with {} and HTTP headers {"HTTP_REFERER"=>"http://www.example.com/"}
REQUESTING PAGE: POST /projects with {"utf8"=>"✓", "project[name]"=>"Project name", "commit"=>"Create project", "project[description]"=>"Lorem ipsum dolr sit amet"} and HTTP headers {"HTTP_REFERER"=>"/projects/new"}
REQUESTING PAGE: GET http://www.example.com/projects/134 with {} and HTTP headers {"HTTP_REFERER"=>"/projects"}
REQUESTING PAGE: GET / with {} and HTTP headers {}
REQUESTING PAGE: GET /login with {} and HTTP headers {}
REQUESTING PAGE: POST /sessions with {"utf8"=>"✓", "session[email]"=>"mhartl@example.com", "session[password]"=>"foobar", "commit"=>"Sign in"} and HTTP headers {"HTTP_REFERER"=>"/login"}
REQUESTING PAGE: GET http://www.example.com/ with {} and HTTP headers {"HTTP_REFERER"=>"/sessions"}
REQUESTING PAGE: GET / with {} and HTTP headers {"HTTP_REFERER"=>"http://www.example.com/"}
REQUESTING PAGE: GET / with {} and HTTP headers {}
REQUESTING PAGE: GET / with {} and HTTP headers {}
REQUESTING PAGE: GET /login with {} and HTTP headers {}
REQUESTING PAGE: POST /sessions with {"utf8"=>"✓", "session[email]"=>"mhartl@example.com", "session[password]"=>"foobar", "commit"=>"Sign in"} and HTTP headers {"HTTP_REFERER"=>"/login"}
REQUESTING PAGE: GET http://www.example.com/ with {} and HTTP headers {"HTTP_REFERER"=>"/sessions"}
REQUESTING PAGE: GET /projects/new with {} and HTTP headers {"HTTP_REFERER"=>"http://www.example.com/"}
REQUESTING PAGE: POST /projects with {"utf8"=>"✓", "project[name]"=>"", "commit"=>"Create project", "project[description]"=>""} and HTTP headers {"HTTP_REFERER"=>"/projects/new"}
REQUESTING PAGE: GET /login with {} and HTTP headers {}
REQUESTING PAGE: POST /sessions with {"utf8"=>"✓", "session[email]"=>"mhartl@example.com", "session[password]"=>"foobar", "commit"=>"Sign in"} and HTTP headers {"HTTP_REFERER"=>"/login"}
REQUESTING PAGE: GET http://www.example.com/ with {} and HTTP headers {"HTTP_REFERER"=>"/sessions"}
REQUESTING PAGE: GET /projects/new with {} and HTTP headers {"HTTP_REFERER"=>"http://www.example.com/"}
REQUESTING PAGE: POST /projects with {"utf8"=>"✓", "project[name]"=>"Project name", "commit"=>"Create project", "project[description]"=>"Lorem ipsum dolr sit amet"} and HTTP headers {"HTTP_REFERER"=>"/projects/new"}
REQUESTING PAGE: GET http://www.example.com/projects/135 with {} and HTTP headers {"HTTP_REFERER"=>"/projects"}
REQUESTING PAGE: GET /signup with {} and HTTP headers {}
REQUESTING PAGE: POST /users with {"utf8"=>"✓", "user[first_name]"=>"", "user[last_name]"=>"", "user[email]"=>"", "user[password]"=>"", "user[password_confirmation]"=>"", "commit"=>"Sign up"} and HTTP headers {"HTTP_REFERER"=>"/signup"}
REQUESTING PAGE: GET /signup with {} and HTTP headers {}
REQUESTING PAGE: POST /users with {"utf8"=>"✓", "user[first_name]"=>"Example", "user[last_name]"=>"User", "user[email]"=>"user@example.com", "user[password]"=>"foobar", "user[password_confirmation]"=>"foobar", "commit"=>"Sign up"} and HTTP headers {"HTTP_REFERER"=>"/signup"}
REQUESTING PAGE: GET http://www.example.com/ with {} and HTTP headers {"HTTP_REFERER"=>"/users"}
REQUESTING PAGE: GET /login with {} and HTTP headers {}
REQUESTING PAGE: POST /sessions with {"utf8"=>"✓", "session[email]"=>"", "session[password]"=>"", "commit"=>"Sign in"} and HTTP headers {"HTTP_REFERER"=>"/login"}
REQUESTING PAGE: GET /login with {} and HTTP headers {}
REQUESTING PAGE: POST /sessions with {"utf8"=>"✓", "session[email]"=>"mhartl@example.com", "session[password]"=>"foobar", "commit"=>"Sign in"} and HTTP headers {"HTTP_REFERER"=>"/login"}
REQUESTING PAGE: GET http://www.example.com/ with {} and HTTP headers {"HTTP_REFERER"=>"/sessions"}
REQUESTING PAGE: GET /logout with {} and HTTP headers {"HTTP_REFERER"=>"http://www.example.com/"}
REQUESTING PAGE: GET http://www.example.com/ with {} and HTTP headers {"HTTP_REFERER"=>"/logout"}
REQUESTING PAGE: GET / with {} and HTTP headers {}
REQUESTING PAGE: GET /login with {} and HTTP headers {}
REQUESTING PAGE: POST /sessions with {"utf8"=>"✓", "session[email]"=>"mhartl@example.com", "session[password]"=>"foobar", "commit"=>"Sign in"} and HTTP headers {"HTTP_REFERER"=>"/login"}
REQUESTING PAGE: GET http://www.example.com/ with {} and HTTP headers {"HTTP_REFERER"=>"/sessions"}
REQUESTING PAGE: GET / with {} and HTTP headers {"HTTP_REFERER"=>"http://www.example.com/"}
REQUESTING PAGE: GET / with {} and HTTP headers {}
REQUESTING PAGE: GET / with {} and HTTP headers {}
REQUESTING PAGE: GET /login with {} and HTTP headers {}
REQUESTING PAGE: POST /sessions with {"utf8"=>"✓", "session[email]"=>"mhartl@example.com", "session[password]"=>"foobar", "commit"=>"Sign in"} and HTTP headers {"HTTP_REFERER"=>"/login"}
REQUESTING PAGE: GET http://www.example.com/ with {} and HTTP headers {"HTTP_REFERER"=>"/sessions"}
REQUESTING PAGE: GET /projects/new with {} and HTTP headers {"HTTP_REFERER"=>"http://www.example.com/"}
REQUESTING PAGE: POST /projects with {"utf8"=>"✓", "project[name]"=>"", "commit"=>"Create project", "project[description]"=>""} and HTTP headers {"HTTP_REFERER"=>"/projects/new"}
REQUESTING PAGE: GET /login with {} and HTTP headers {}
REQUESTING PAGE: POST /sessions with {"utf8"=>"✓", "session[email]"=>"mhartl@example.com", "session[password]"=>"foobar", "commit"=>"Sign in"} and HTTP headers {"HTTP_REFERER"=>"/login"}
REQUESTING PAGE: GET http://www.example.com/ with {} and HTTP headers {"HTTP_REFERER"=>"/sessions"}
REQUESTING PAGE: GET /projects/new with {} and HTTP headers {"HTTP_REFERER"=>"http://www.example.com/"}
REQUESTING PAGE: POST /projects with {"utf8"=>"✓", "project[name]"=>"Project name", "commit"=>"Create project", "project[description]"=>"Lorem ipsum dolr sit amet"} and HTTP headers {"HTTP_REFERER"=>"/projects/new"}
REQUESTING PAGE: GET http://www.example.com/projects/136 with {} and HTTP headers {"HTTP_REFERER"=>"/projects"}
REQUESTING PAGE: GET /signup with {} and HTTP headers {}
REQUESTING PAGE: POST /users with {"utf8"=>"✓", "user[first_name]"=>"", "user[last_name]"=>"", "user[email]"=>"", "user[password]"=>"", "user[password_confirmation]"=>"", "commit"=>"Sign up"} and HTTP headers {"HTTP_REFERER"=>"/signup"}
REQUESTING PAGE: GET /signup with {} and HTTP headers {}
REQUESTING PAGE: POST /users with {"utf8"=>"✓", "user[first_name]"=>"Example", "user[last_name]"=>"User", "user[email]"=>"user@example.com", "user[password]"=>"foobar", "user[password_confirmation]"=>"foobar", "commit"=>"Sign up"} and HTTP headers {"HTTP_REFERER"=>"/signup"}
REQUESTING PAGE: GET http://www.example.com/ with {} and HTTP headers {"HTTP_REFERER"=>"/users"}
REQUESTING PAGE: GET /login with {} and HTTP headers {}
REQUESTING PAGE: POST /sessions with {"utf8"=>"✓", "session[email]"=>"", "session[password]"=>"", "commit"=>"Sign in"} and HTTP headers {"HTTP_REFERER"=>"/login"}
REQUESTING PAGE: GET /login with {} and HTTP headers {}
REQUESTING PAGE: POST /sessions with {"utf8"=>"✓", "session[email]"=>"mhartl@example.com", "session[password]"=>"foobar", "commit"=>"Sign in"} and HTTP headers {"HTTP_REFERER"=>"/login"}
REQUESTING PAGE: GET http://www.example.com/ with {} and HTTP headers {"HTTP_REFERER"=>"/sessions"}
REQUESTING PAGE: GET /logout with {} and HTTP headers {"HTTP_REFERER"=>"http://www.example.com/"}
REQUESTING PAGE: GET http://www.example.com/ with {} and HTTP headers {"HTTP_REFERER"=>"/logout"}
REQUESTING PAGE: GET / with {} and HTTP headers {}
REQUESTING PAGE: GET / with {} and HTTP headers {}
REQUESTING PAGE: GET /login with {} and HTTP headers {}
REQUESTING PAGE: POST /sessions with {"utf8"=>"✓", "session[email]"=>"mhartl@example.com", "session[password]"=>"foobar", "commit"=>"Sign in"} and HTTP headers {"HTTP_REFERER"=>"/login"}
REQUESTING PAGE: GET http://www.example.com/ with {} and HTTP headers {"HTTP_REFERER"=>"/sessions"}
REQUESTING PAGE: GET /projects/new with {} and HTTP headers {"HTTP_REFERER"=>"http://www.example.com/"}
REQUESTING PAGE: POST /projects with {"utf8"=>"✓", "project[name]"=>"", "commit"=>"Create project", "project[description]"=>""} and HTTP headers {"HTTP_REFERER"=>"/projects/new"}
REQUESTING PAGE: GET /login with {} and HTTP headers {}
REQUESTING PAGE: POST /sessions with {"utf8"=>"✓", "session[email]"=>"mhartl@example.com", "session[password]"=>"foobar", "commit"=>"Sign in"} and HTTP headers {"HTTP_REFERER"=>"/login"}
REQUESTING PAGE: GET http://www.example.com/ with {} and HTTP headers {"HTTP_REFERER"=>"/sessions"}
REQUESTING PAGE: GET /projects/new with {} and HTTP headers {"HTTP_REFERER"=>"http://www.example.com/"}
REQUESTING PAGE: POST /projects with {"utf8"=>"✓", "project[name]"=>"Project name", "commit"=>"Create project", "project[description]"=>"Lorem ipsum dolr sit amet"} and HTTP headers {"HTTP_REFERER"=>"/projects/new"}
REQUESTING PAGE: GET http://www.example.com/projects/137 with {} and HTTP headers {"HTTP_REFERER"=>"/projects"}
REQUESTING PAGE: GET / with {} and HTTP headers {}
REQUESTING PAGE: GET / with {} and HTTP headers {}
REQUESTING PAGE: GET /login with {} and HTTP headers {"HTTP_REFERER"=>"/"}
REQUESTING PAGE: POST /sessions with {"utf8"=>"✓", "session[email]"=>"mhartl@example.com", "session[password]"=>"foobar", "commit"=>"Sign in"} and HTTP headers {"HTTP_REFERER"=>"/login"}
REQUESTING PAGE: GET http://www.example.com/ with {} and HTTP headers {"HTTP_REFERER"=>"/sessions"}
REQUESTING PAGE: GET /login with {} and HTTP headers {}
REQUESTING PAGE: POST /sessions with {"utf8"=>"✓", "session[email]"=>"mhartl@example.com", "session[password]"=>"foobar", "commit"=>"Sign in"} and HTTP headers {"HTTP_REFERER"=>"/login"}
REQUESTING PAGE: GET http://www.example.com/ with {} and HTTP headers {"HTTP_REFERER"=>"/sessions"}
REQUESTING PAGE: GET /projects/new with {} and HTTP headers {"HTTP_REFERER"=>"http://www.example.com/"}
REQUESTING PAGE: POST /projects with {"utf8"=>"✓", "project[name]"=>"", "commit"=>"Create project", "project[description]"=>""} and HTTP headers {"HTTP_REFERER"=>"/projects/new"}
REQUESTING PAGE: GET /login with {} and HTTP headers {}
REQUESTING PAGE: POST /sessions with {"utf8"=>"✓", "session[email]"=>"mhartl@example.com", "session[password]"=>"foobar", "commit"=>"Sign in"} and HTTP headers {"HTTP_REFERER"=>"/login"}
REQUESTING PAGE: GET http://www.example.com/ with {} and HTTP headers {"HTTP_REFERER"=>"/sessions"}
REQUESTING PAGE: GET /projects/new with {} and HTTP headers {"HTTP_REFERER"=>"http://www.example.com/"}
REQUESTING PAGE: POST /projects with {"utf8"=>"✓", "project[name]"=>"Project name", "commit"=>"Create project", "project[description]"=>"Lorem ipsum dolr sit amet"} and HTTP headers {"HTTP_REFERER"=>"/projects/new"}
REQUESTING PAGE: GET http://www.example.com/projects/138 with {} and HTTP headers {"HTTP_REFERER"=>"/projects"}
REQUESTING PAGE: GET / with {} and HTTP headers {}
REQUESTING PAGE: GET /login with {} and HTTP headers {}
REQUESTING PAGE: POST /sessions with {"utf8"=>"✓", "session[email]"=>"mhartl@example.com", "session[password]"=>"foobar", "commit"=>"Sign in"} and HTTP headers {"HTTP_REFERER"=>"/login"}
REQUESTING PAGE: GET http://www.example.com/ with {} and HTTP headers {"HTTP_REFERER"=>"/sessions"}
REQUESTING PAGE: GET / with {} and HTTP headers {"HTTP_REFERER"=>"http://www.example.com/"}
REQUESTING PAGE: GET / with {} and HTTP headers {}
REQUESTING PAGE: GET / with {} and HTTP headers {}
REQUESTING PAGE: GET /login with {} and HTTP headers {"HTTP_REFERER"=>"/"}
REQUESTING PAGE: POST /sessions with {"utf8"=>"✓", "session[email]"=>"mhartl@example.com", "session[password]"=>"foobar", "commit"=>"Sign in"} and HTTP headers {"HTTP_REFERER"=>"/login"}
REQUESTING PAGE: GET http://www.example.com/ with {} and HTTP headers {"HTTP_REFERER"=>"/sessions"}
REQUESTING PAGE: GET /login with {} and HTTP headers {}
REQUESTING PAGE: POST /sessions with {"utf8"=>"✓", "session[email]"=>"mhartl@example.com", "session[password]"=>"foobar", "commit"=>"Sign in"} and HTTP headers {"HTTP_REFERER"=>"/login"}
REQUESTING PAGE: GET http://www.example.com/ with {} and HTTP headers {"HTTP_REFERER"=>"/sessions"}
REQUESTING PAGE: GET /projects/new with {} and HTTP headers {"HTTP_REFERER"=>"http://www.example.com/"}
REQUESTING PAGE: POST /projects with {"utf8"=>"✓", "project[name]"=>"", "commit"=>"Create project", "project[description]"=>""} and HTTP headers {"HTTP_REFERER"=>"/projects/new"}
REQUESTING PAGE: GET /login with {} and HTTP headers {}
REQUESTING PAGE: POST /sessions with {"utf8"=>"✓", "session[email]"=>"mhartl@example.com", "session[password]"=>"foobar", "commit"=>"Sign in"} and HTTP headers {"HTTP_REFERER"=>"/login"}
REQUESTING PAGE: GET http://www.example.com/ with {} and HTTP headers {"HTTP_REFERER"=>"/sessions"}
REQUESTING PAGE: GET /projects/new with {} and HTTP headers {"HTTP_REFERER"=>"http://www.example.com/"}
REQUESTING PAGE: POST /projects with {"utf8"=>"✓", "project[name]"=>"Project name", "commit"=>"Create project", "project[description]"=>"Lorem ipsum dolr sit amet"} and HTTP headers {"HTTP_REFERER"=>"/projects/new"}
REQUESTING PAGE: GET http://www.example.com/projects/272 with {} and HTTP headers {"HTTP_REFERER"=>"/projects"}
REQUESTING PAGE: GET /signup with {} and HTTP headers {}
REQUESTING PAGE: POST /users with {"utf8"=>"✓", "user[first_name]"=>"", "user[last_name]"=>"", "user[email]"=>"", "user[password]"=>"", "user[password_confirmation]"=>"", "commit"=>"Sign up"} and HTTP headers {"HTTP_REFERER"=>"/signup"}
REQUESTING PAGE: GET /signup with {} and HTTP headers {}
REQUESTING PAGE: POST /users with {"utf8"=>"✓", "user[first_name]"=>"Example", "user[last_name]"=>"User", "user[email]"=>"user@example.com", "user[password]"=>"foobar", "user[password_confirmation]"=>"foobar", "commit"=>"Sign up"} and HTTP headers {"HTTP_REFERER"=>"/signup"}
REQUESTING PAGE: GET http://www.example.com/ with {} and HTTP headers {"HTTP_REFERER"=>"/users"}
REQUESTING PAGE: GET /login with {} and HTTP headers {}
REQUESTING PAGE: POST /sessions with {"utf8"=>"✓", "session[email]"=>"", "session[password]"=>"", "commit"=>"Sign in"} and HTTP headers {"HTTP_REFERER"=>"/login"}
REQUESTING PAGE: GET /login with {} and HTTP headers {}
REQUESTING PAGE: POST /sessions with {"utf8"=>"✓", "session[email]"=>"mhartl@example.com", "session[password]"=>"foobar", "commit"=>"Sign in"} and HTTP headers {"HTTP_REFERER"=>"/login"}
REQUESTING PAGE: GET http://www.example.com/ with {} and HTTP headers {"HTTP_REFERER"=>"/sessions"}
REQUESTING PAGE: GET /logout with {} and HTTP headers {"HTTP_REFERER"=>"http://www.example.com/"}
REQUESTING PAGE: GET http://www.example.com/ with {} and HTTP headers {"HTTP_REFERER"=>"/logout"}
REQUESTING PAGE: GET / with {} and HTTP headers {}
REQUESTING PAGE: GET /login with {} and HTTP headers {}
REQUESTING PAGE: POST /sessions with {"utf8"=>"✓", "session[email]"=>"mhartl@example.com", "session[password]"=>"foobar", "commit"=>"Sign in"} and HTTP headers {"HTTP_REFERER"=>"/login"}
REQUESTING PAGE: GET http://www.example.com/ with {} and HTTP headers {"HTTP_REFERER"=>"/sessions"}
REQUESTING PAGE: GET / with {} and HTTP headers {"HTTP_REFERER"=>"http://www.example.com/"}
REQUESTING PAGE: GET / with {} and HTTP headers {}
REQUESTING PAGE: GET / with {} and HTTP headers {}
REQUESTING PAGE: GET /login with {} and HTTP headers {"HTTP_REFERER"=>"/"}
REQUESTING PAGE: POST /sessions with {"utf8"=>"✓", "session[email]"=>"mhartl@example.com", "session[password]"=>"foobar", "commit"=>"Sign in"} and HTTP headers {"HTTP_REFERER"=>"/login"}
REQUESTING PAGE: GET http://www.example.com/ with {} and HTTP headers {"HTTP_REFERER"=>"/sessions"}
REQUESTING PAGE: GET /login with {} and HTTP headers {}
REQUESTING PAGE: POST /sessions with {"utf8"=>"✓", "session[email]"=>"mhartl@example.com", "session[password]"=>"foobar", "commit"=>"Sign in"} and HTTP headers {"HTTP_REFERER"=>"/login"}
REQUESTING PAGE: GET http://www.example.com/ with {} and HTTP headers {"HTTP_REFERER"=>"/sessions"}
REQUESTING PAGE: GET /projects/new with {} and HTTP headers {"HTTP_REFERER"=>"http://www.example.com/"}
REQUESTING PAGE: POST /projects with {"utf8"=>"✓", "project[name]"=>"", "commit"=>"Create project", "project[description]"=>""} and HTTP headers {"HTTP_REFERER"=>"/projects/new"}
REQUESTING PAGE: GET /login with {} and HTTP headers {}
REQUESTING PAGE: POST /sessions with {"utf8"=>"✓", "session[email]"=>"mhartl@example.com", "session[password]"=>"foobar", "commit"=>"Sign in"} and HTTP headers {"HTTP_REFERER"=>"/login"}
REQUESTING PAGE: GET http://www.example.com/ with {} and HTTP headers {"HTTP_REFERER"=>"/sessions"}
REQUESTING PAGE: GET /projects/new with {} and HTTP headers {"HTTP_REFERER"=>"http://www.example.com/"}
REQUESTING PAGE: POST /projects with {"utf8"=>"✓", "project[name]"=>"Project name", "commit"=>"Create project", "project[description]"=>"Lorem ipsum dolr sit amet"} and HTTP headers {"HTTP_REFERER"=>"/projects/new"}
REQUESTING PAGE: GET http://www.example.com/projects/406 with {} and HTTP headers {"HTTP_REFERER"=>"/projects"}
REQUESTING PAGE: GET /signup with {} and HTTP headers {}
REQUESTING PAGE: POST /users with {"utf8"=>"✓", "user[first_name]"=>"", "user[last_name]"=>"", "user[email]"=>"", "user[password]"=>"", "user[password_confirmation]"=>"", "commit"=>"Sign up"} and HTTP headers {"HTTP_REFERER"=>"/signup"}
REQUESTING PAGE: GET /signup with {} and HTTP headers {}
REQUESTING PAGE: POST /users with {"utf8"=>"✓", "user[first_name]"=>"Example", "user[last_name]"=>"User", "user[email]"=>"user@example.com", "user[password]"=>"foobar", "user[password_confirmation]"=>"foobar", "commit"=>"Sign up"} and HTTP headers {"HTTP_REFERER"=>"/signup"}
REQUESTING PAGE: GET http://www.example.com/ with {} and HTTP headers {"HTTP_REFERER"=>"/users"}
REQUESTING PAGE: GET /login with {} and HTTP headers {}
REQUESTING PAGE: POST /sessions with {"utf8"=>"✓", "session[email]"=>"", "session[password]"=>"", "commit"=>"Sign in"} and HTTP headers {"HTTP_REFERER"=>"/login"}
REQUESTING PAGE: GET /login with {} and HTTP headers {}
REQUESTING PAGE: POST /sessions with {"utf8"=>"✓", "session[email]"=>"mhartl@example.com", "session[password]"=>"foobar", "commit"=>"Sign in"} and HTTP headers {"HTTP_REFERER"=>"/login"}
REQUESTING PAGE: GET http://www.example.com/ with {} and HTTP headers {"HTTP_REFERER"=>"/sessions"}
REQUESTING PAGE: GET /logout with {} and HTTP headers {"HTTP_REFERER"=>"http://www.example.com/"}
REQUESTING PAGE: GET http://www.example.com/ with {} and HTTP headers {"HTTP_REFERER"=>"/logout"}
REQUESTING PAGE: GET / with {} and HTTP headers {}
REQUESTING PAGE: GET /login with {} and HTTP headers {}
REQUESTING PAGE: POST /sessions with {"utf8"=>"✓", "session[email]"=>"mhartl@example.com", "session[password]"=>"foobar", "commit"=>"Sign in"} and HTTP headers {"HTTP_REFERER"=>"/login"}
REQUESTING PAGE: GET http://www.example.com/ with {} and HTTP headers {"HTTP_REFERER"=>"/sessions"}
REQUESTING PAGE: GET / with {} and HTTP headers {"HTTP_REFERER"=>"http://www.example.com/"}
REQUESTING PAGE: GET / with {} and HTTP headers {}
REQUESTING PAGE: GET / with {} and HTTP headers {}
REQUESTING PAGE: GET /login with {} and HTTP headers {"HTTP_REFERER"=>"/"}
REQUESTING PAGE: POST /sessions with {"utf8"=>"✓", "session[email]"=>"mhartl@example.com", "session[password]"=>"foobar", "commit"=>"Sign in"} and HTTP headers {"HTTP_REFERER"=>"/login"}
REQUESTING PAGE: GET http://www.example.com/ with {} and HTTP headers {"HTTP_REFERER"=>"/sessions"}
REQUESTING PAGE: GET /login with {} and HTTP headers {}
REQUESTING PAGE: POST /sessions with {"utf8"=>"✓", "session[email]"=>"mhartl@example.com", "session[password]"=>"foobar", "commit"=>"Sign in"} and HTTP headers {"HTTP_REFERER"=>"/login"}
REQUESTING PAGE: GET http://www.example.com/ with {} and HTTP headers {"HTTP_REFERER"=>"/sessions"}
REQUESTING PAGE: GET /projects/new with {} and HTTP headers {"HTTP_REFERER"=>"http://www.example.com/"}
REQUESTING PAGE: POST /projects with {"utf8"=>"✓", "project[name]"=>"", "commit"=>"Create project", "project[description]"=>""} and HTTP headers {"HTTP_REFERER"=>"/projects/new"}
REQUESTING PAGE: GET /login with {} and HTTP headers {}
REQUESTING PAGE: POST /sessions with {"utf8"=>"✓", "session[email]"=>"mhartl@example.com", "session[password]"=>"foobar", "commit"=>"Sign in"} and HTTP headers {"HTTP_REFERER"=>"/login"}
REQUESTING PAGE: GET http://www.example.com/ with {} and HTTP headers {"HTTP_REFERER"=>"/sessions"}
REQUESTING PAGE: GET /projects/new with {} and HTTP headers {"HTTP_REFERER"=>"http://www.example.com/"}
REQUESTING PAGE: POST /projects with {"utf8"=>"✓", "project[name]"=>"Project name", "commit"=>"Create project", "project[description]"=>"Lorem ipsum dolr sit amet"} and HTTP headers {"HTTP_REFERER"=>"/projects/new"}
REQUESTING PAGE: GET http://www.example.com/projects/4214 with {} and HTTP headers {"HTTP_REFERER"=>"/projects"}
REQUESTING PAGE: GET /signup with {} and HTTP headers {}
REQUESTING PAGE: POST /users with {"utf8"=>"✓", "user[first_name]"=>"", "user[last_name]"=>"", "user[email]"=>"", "user[password]"=>"", "user[password_confirmation]"=>"", "commit"=>"Sign up"} and HTTP headers {"HTTP_REFERER"=>"/signup"}
REQUESTING PAGE: GET /signup with {} and HTTP headers {}
REQUESTING PAGE: POST /users with {"utf8"=>"✓", "user[first_name]"=>"Example", "user[last_name]"=>"User", "user[email]"=>"user@example.com", "user[password]"=>"foobar", "user[password_confirmation]"=>"foobar", "commit"=>"Sign up"} and HTTP headers {"HTTP_REFERER"=>"/signup"}
REQUESTING PAGE: GET http://www.example.com/ with {} and HTTP headers {"HTTP_REFERER"=>"/users"}
REQUESTING PAGE: GET /login with {} and HTTP headers {}
REQUESTING PAGE: POST /sessions with {"utf8"=>"✓", "session[email]"=>"", "session[password]"=>"", "commit"=>"Sign in"} and HTTP headers {"HTTP_REFERER"=>"/login"}
REQUESTING PAGE: GET /login with {} and HTTP headers {}
REQUESTING PAGE: POST /sessions with {"utf8"=>"✓", "session[email]"=>"mhartl@example.com", "session[password]"=>"foobar", "commit"=>"Sign in"} and HTTP headers {"HTTP_REFERER"=>"/login"}
REQUESTING PAGE: GET http://www.example.com/ with {} and HTTP headers {"HTTP_REFERER"=>"/sessions"}
REQUESTING PAGE: GET /logout with {} and HTTP headers {"HTTP_REFERER"=>"http://www.example.com/"}
REQUESTING PAGE: GET http://www.example.com/ with {} and HTTP headers {"HTTP_REFERER"=>"/logout"}
REQUESTING PAGE: GET / with {} and HTTP headers {}
REQUESTING PAGE: GET /login with {} and HTTP headers {}
REQUESTING PAGE: POST /sessions with {"utf8"=>"✓", "session[email]"=>"mhartl@example.com", "session[password]"=>"foobar", "commit"=>"Sign in"} and HTTP headers {"HTTP_REFERER"=>"/login"}
REQUESTING PAGE: GET http://www.example.com/ with {} and HTTP headers {"HTTP_REFERER"=>"/sessions"}
REQUESTING PAGE: GET / with {} and HTTP headers {"HTTP_REFERER"=>"http://www.example.com/"}
REQUESTING PAGE: GET / with {} and HTTP headers {}
REQUESTING PAGE: GET / with {} and HTTP headers {}
REQUESTING PAGE: GET /login with {} and HTTP headers {"HTTP_REFERER"=>"/"}
REQUESTING PAGE: POST /sessions with {"utf8"=>"✓", "session[email]"=>"mhartl@example.com", "session[password]"=>"foobar", "commit"=>"Sign in"} and HTTP headers {"HTTP_REFERER"=>"/login"}
REQUESTING PAGE: GET http://www.example.com/ with {} and HTTP headers {"HTTP_REFERER"=>"/sessions"}
REQUESTING PAGE: GET /login with {} and HTTP headers {}
REQUESTING PAGE: POST /sessions with {"utf8"=>"✓", "session[email]"=>"mhartl@example.com", "session[password]"=>"foobar", "commit"=>"Sign in"} and HTTP headers {"HTTP_REFERER"=>"/login"}
REQUESTING PAGE: GET http://www.example.com/ with {} and HTTP headers {"HTTP_REFERER"=>"/sessions"}
REQUESTING PAGE: GET /projects/new with {} and HTTP headers {"HTTP_REFERER"=>"http://www.example.com/"}
REQUESTING PAGE: POST /projects with {"utf8"=>"✓", "project[name]"=>"", "commit"=>"Create project", "project[description]"=>""} and HTTP headers {"HTTP_REFERER"=>"/projects/new"}
REQUESTING PAGE: GET /login with {} and HTTP headers {}
REQUESTING PAGE: POST /sessions with {"utf8"=>"✓", "session[email]"=>"mhartl@example.com", "session[password]"=>"foobar", "commit"=>"Sign in"} and HTTP headers {"HTTP_REFERER"=>"/login"}
REQUESTING PAGE: GET http://www.example.com/ with {} and HTTP headers {"HTTP_REFERER"=>"/sessions"}
REQUESTING PAGE: GET /projects/new with {} and HTTP headers {"HTTP_REFERER"=>"http://www.example.com/"}
REQUESTING PAGE: POST /projects with {"utf8"=>"✓", "project[name]"=>"Project name", "commit"=>"Create project", "project[description]"=>"Lorem ipsum dolr sit amet"} and HTTP headers {"HTTP_REFERER"=>"/projects/new"}
REQUESTING PAGE: GET http://www.example.com/projects/4319 with {} and HTTP headers {"HTTP_REFERER"=>"/projects"}
REQUESTING PAGE: GET /signup with {} and HTTP headers {}
REQUESTING PAGE: POST /users with {"utf8"=>"✓", "user[first_name]"=>"", "user[last_name]"=>"", "user[email]"=>"", "user[password]"=>"", "user[password_confirmation]"=>"", "commit"=>"Sign up"} and HTTP headers {"HTTP_REFERER"=>"/signup"}
REQUESTING PAGE: GET /signup with {} and HTTP headers {}
REQUESTING PAGE: POST /users with {"utf8"=>"✓", "user[first_name]"=>"Example", "user[last_name]"=>"User", "user[email]"=>"user@example.com", "user[password]"=>"foobar", "user[password_confirmation]"=>"foobar", "commit"=>"Sign up"} and HTTP headers {"HTTP_REFERER"=>"/signup"}
REQUESTING PAGE: GET http://www.example.com/ with {} and HTTP headers {"HTTP_REFERER"=>"/users"}
REQUESTING PAGE: GET /login with {} and HTTP headers {}
REQUESTING PAGE: POST /sessions with {"utf8"=>"✓", "session[email]"=>"", "session[password]"=>"", "commit"=>"Sign in"} and HTTP headers {"HTTP_REFERER"=>"/login"}
REQUESTING PAGE: GET /login with {} and HTTP headers {}
REQUESTING PAGE: POST /sessions with {"utf8"=>"✓", "session[email]"=>"mhartl@example.com", "session[password]"=>"foobar", "commit"=>"Sign in"} and HTTP headers {"HTTP_REFERER"=>"/login"}
REQUESTING PAGE: GET http://www.example.com/ with {} and HTTP headers {"HTTP_REFERER"=>"/sessions"}
REQUESTING PAGE: GET /logout with {} and HTTP headers {"HTTP_REFERER"=>"http://www.example.com/"}
REQUESTING PAGE: GET http://www.example.com/ with {} and HTTP headers {"HTTP_REFERER"=>"/logout"}
REQUESTING PAGE: GET / with {} and HTTP headers {}
REQUESTING PAGE: GET /login with {} and HTTP headers {}
REQUESTING PAGE: POST /sessions with {"utf8"=>"✓", "session[email]"=>"mhartl@example.com", "session[password]"=>"foobar", "commit"=>"Sign in"} and HTTP headers {"HTTP_REFERER"=>"/login"}
REQUESTING PAGE: GET http://www.example.com/ with {} and HTTP headers {"HTTP_REFERER"=>"/sessions"}
REQUESTING PAGE: GET / with {} and HTTP headers {"HTTP_REFERER"=>"http://www.example.com/"}
REQUESTING PAGE: GET / with {} and HTTP headers {}
REQUESTING PAGE: GET / with {} and HTTP headers {}
REQUESTING PAGE: GET /login with {} and HTTP headers {"HTTP_REFERER"=>"/"}
REQUESTING PAGE: POST /sessions with {"utf8"=>"✓", "session[email]"=>"mhartl@example.com", "session[password]"=>"foobar", "commit"=>"Sign in"} and HTTP headers {"HTTP_REFERER"=>"/login"}
REQUESTING PAGE: GET http://www.example.com/ with {} and HTTP headers {"HTTP_REFERER"=>"/sessions"}
REQUESTING PAGE: GET /login with {} and HTTP headers {}
REQUESTING PAGE: POST /sessions with {"utf8"=>"✓", "session[email]"=>"mhartl@example.com", "session[password]"=>"foobar", "commit"=>"Sign in"} and HTTP headers {"HTTP_REFERER"=>"/login"}
REQUESTING PAGE: GET http://www.example.com/ with {} and HTTP headers {"HTTP_REFERER"=>"/sessions"}
REQUESTING PAGE: GET /projects/new with {} and HTTP headers {"HTTP_REFERER"=>"http://www.example.com/"}
REQUESTING PAGE: POST /projects with {"utf8"=>"✓", "project[name]"=>"", "commit"=>"Create project", "project[description]"=>""} and HTTP headers {"HTTP_REFERER"=>"/projects/new"}
REQUESTING PAGE: GET /login with {} and HTTP headers {}
REQUESTING PAGE: POST /sessions with {"utf8"=>"✓", "session[email]"=>"mhartl@example.com", "session[password]"=>"foobar", "commit"=>"Sign in"} and HTTP headers {"HTTP_REFERER"=>"/login"}
REQUESTING PAGE: GET http://www.example.com/ with {} and HTTP headers {"HTTP_REFERER"=>"/sessions"}
REQUESTING PAGE: GET /projects/new with {} and HTTP headers {"HTTP_REFERER"=>"http://www.example.com/"}
REQUESTING PAGE: POST /projects with {"utf8"=>"✓", "project[name]"=>"Project name", "commit"=>"Create project", "project[description]"=>"Lorem ipsum dolr sit amet"} and HTTP headers {"HTTP_REFERER"=>"/projects/new"}
REQUESTING PAGE: GET http://www.example.com/projects/4320 with {} and HTTP headers {"HTTP_REFERER"=>"/projects"}
REQUESTING PAGE: GET /signup with {} and HTTP headers {}
REQUESTING PAGE: POST /users with {"utf8"=>"✓", "user[first_name]"=>"", "user[last_name]"=>"", "user[email]"=>"", "user[password]"=>"", "user[password_confirmation]"=>"", "commit"=>"Sign up"} and HTTP headers {"HTTP_REFERER"=>"/signup"}
REQUESTING PAGE: GET /signup with {} and HTTP headers {}
REQUESTING PAGE: POST /users with {"utf8"=>"✓", "user[first_name]"=>"Example", "user[last_name]"=>"User", "user[email]"=>"user@example.com", "user[password]"=>"foobar", "user[password_confirmation]"=>"foobar", "commit"=>"Sign up"} and HTTP headers {"HTTP_REFERER"=>"/signup"}
REQUESTING PAGE: GET http://www.example.com/ with {} and HTTP headers {"HTTP_REFERER"=>"/users"}
REQUESTING PAGE: GET /login with {} and HTTP headers {}
REQUESTING PAGE: POST /sessions with {"utf8"=>"✓", "session[email]"=>"", "session[password]"=>"", "commit"=>"Sign in"} and HTTP headers {"HTTP_REFERER"=>"/login"}
REQUESTING PAGE: GET /login with {} and HTTP headers {}
REQUESTING PAGE: POST /sessions with {"utf8"=>"✓", "session[email]"=>"mhartl@example.com", "session[password]"=>"foobar", "commit"=>"Sign in"} and HTTP headers {"HTTP_REFERER"=>"/login"}
REQUESTING PAGE: GET http://www.example.com/ with {} and HTTP headers {"HTTP_REFERER"=>"/sessions"}
REQUESTING PAGE: GET /logout with {} and HTTP headers {"HTTP_REFERER"=>"http://www.example.com/"}
REQUESTING PAGE: GET http://www.example.com/ with {} and HTTP headers {"HTTP_REFERER"=>"/logout"}
REQUESTING PAGE: GET / with {} and HTTP headers {}
REQUESTING PAGE: GET /login with {} and HTTP headers {}
REQUESTING PAGE: POST /sessions with {"utf8"=>"✓", "session[email]"=>"mhartl@example.com", "session[password]"=>"foobar", "commit"=>"Sign in"} and HTTP headers {"HTTP_REFERER"=>"/login"}
REQUESTING PAGE: GET http://www.example.com/ with {} and HTTP headers {"HTTP_REFERER"=>"/sessions"}
REQUESTING PAGE: GET / with {} and HTTP headers {"HTTP_REFERER"=>"http://www.example.com/"}
REQUESTING PAGE: GET / with {} and HTTP headers {}
REQUESTING PAGE: GET / with {} and HTTP headers {}
REQUESTING PAGE: GET /login with {} and HTTP headers {"HTTP_REFERER"=>"/"}
REQUESTING PAGE: POST /sessions with {"utf8"=>"✓", "session[email]"=>"mhartl@example.com", "session[password]"=>"foobar", "commit"=>"Sign in"} and HTTP headers {"HTTP_REFERER"=>"/login"}
REQUESTING PAGE: GET http://www.example.com/ with {} and HTTP headers {"HTTP_REFERER"=>"/sessions"}
REQUESTING PAGE: GET /login with {} and HTTP headers {}
REQUESTING PAGE: POST /sessions with {"utf8"=>"✓", "session[email]"=>"mhartl@example.com", "session[password]"=>"foobar", "commit"=>"Sign in"} and HTTP headers {"HTTP_REFERER"=>"/login"}
REQUESTING PAGE: GET http://www.example.com/ with {} and HTTP headers {"HTTP_REFERER"=>"/sessions"}
REQUESTING PAGE: GET /projects/new with {} and HTTP headers {"HTTP_REFERER"=>"http://www.example.com/"}
REQUESTING PAGE: POST /projects with {"utf8"=>"✓", "project[name]"=>"", "commit"=>"Create project", "project[description]"=>""} and HTTP headers {"HTTP_REFERER"=>"/projects/new"}
REQUESTING PAGE: GET /login with {} and HTTP headers {}
REQUESTING PAGE: POST /sessions with {"utf8"=>"✓", "session[email]"=>"mhartl@example.com", "session[password]"=>"foobar", "commit"=>"Sign in"} and HTTP headers {"HTTP_REFERER"=>"/login"}
REQUESTING PAGE: GET http://www.example.com/ with {} and HTTP headers {"HTTP_REFERER"=>"/sessions"}
REQUESTING PAGE: GET /projects/new with {} and HTTP headers {"HTTP_REFERER"=>"http://www.example.com/"}
REQUESTING PAGE: POST /projects with {"utf8"=>"✓", "project[name]"=>"Project name", "commit"=>"Create project", "project[description]"=>"Lorem ipsum dolr sit amet"} and HTTP headers {"HTTP_REFERER"=>"/projects/new"}
REQUESTING PAGE: GET http://www.example.com/projects/4515 with {} and HTTP headers {"HTTP_REFERER"=>"/projects"}
REQUESTING PAGE: GET /signup with {} and HTTP headers {}
REQUESTING PAGE: POST /users with {"utf8"=>"✓", "user[first_name]"=>"", "user[last_name]"=>"", "user[email]"=>"", "user[password]"=>"", "user[password_confirmation]"=>"", "commit"=>"Sign up"} and HTTP headers {"HTTP_REFERER"=>"/signup"}
REQUESTING PAGE: GET /signup with {} and HTTP headers {}
REQUESTING PAGE: POST /users with {"utf8"=>"✓", "user[first_name]"=>"Example", "user[last_name]"=>"User", "user[email]"=>"user@example.com", "user[password]"=>"foobar", "user[password_confirmation]"=>"foobar", "commit"=>"Sign up"} and HTTP headers {"HTTP_REFERER"=>"/signup"}
REQUESTING PAGE: GET http://www.example.com/ with {} and HTTP headers {"HTTP_REFERER"=>"/users"}
REQUESTING PAGE: GET /login with {} and HTTP headers {}
REQUESTING PAGE: POST /sessions with {"utf8"=>"✓", "session[email]"=>"", "session[password]"=>"", "commit"=>"Sign in"} and HTTP headers {"HTTP_REFERER"=>"/login"}
REQUESTING PAGE: GET /login with {} and HTTP headers {}
REQUESTING PAGE: POST /sessions with {"utf8"=>"✓", "session[email]"=>"mhartl@example.com", "session[password]"=>"foobar", "commit"=>"Sign in"} and HTTP headers {"HTTP_REFERER"=>"/login"}
REQUESTING PAGE: GET http://www.example.com/ with {} and HTTP headers {"HTTP_REFERER"=>"/sessions"}
REQUESTING PAGE: GET /logout with {} and HTTP headers {"HTTP_REFERER"=>"http://www.example.com/"}
REQUESTING PAGE: GET http://www.example.com/ with {} and HTTP headers {"HTTP_REFERER"=>"/logout"}
REQUESTING PAGE: GET / with {} and HTTP headers {}
REQUESTING PAGE: GET /login with {} and HTTP headers {}
REQUESTING PAGE: POST /sessions with {"utf8"=>"✓", "session[email]"=>"mhartl@example.com", "session[password]"=>"foobar", "commit"=>"Sign in"} and HTTP headers {"HTTP_REFERER"=>"/login"}
REQUESTING PAGE: GET http://www.example.com/ with {} and HTTP headers {"HTTP_REFERER"=>"/sessions"}
REQUESTING PAGE: GET / with {} and HTTP headers {"HTTP_REFERER"=>"http://www.example.com/"}
REQUESTING PAGE: GET / with {} and HTTP headers {}
REQUESTING PAGE: GET / with {} and HTTP headers {}
REQUESTING PAGE: GET /login with {} and HTTP headers {"HTTP_REFERER"=>"/"}
REQUESTING PAGE: POST /sessions with {"utf8"=>"✓", "session[email]"=>"mhartl@example.com", "session[password]"=>"foobar", "commit"=>"Sign in"} and HTTP headers {"HTTP_REFERER"=>"/login"}
REQUESTING PAGE: GET http://www.example.com/ with {} and HTTP headers {"HTTP_REFERER"=>"/sessions"}
REQUESTING PAGE: GET /login with {} and HTTP headers {}
REQUESTING PAGE: POST /sessions with {"utf8"=>"✓", "session[email]"=>"mhartl@example.com", "session[password]"=>"foobar", "commit"=>"Sign in"} and HTTP headers {"HTTP_REFERER"=>"/login"}
REQUESTING PAGE: GET http://www.example.com/ with {} and HTTP headers {"HTTP_REFERER"=>"/sessions"}
REQUESTING PAGE: GET /projects/new with {} and HTTP headers {"HTTP_REFERER"=>"http://www.example.com/"}
REQUESTING PAGE: POST /projects with {"utf8"=>"✓", "project[name]"=>"", "commit"=>"Create project", "project[description]"=>""} and HTTP headers {"HTTP_REFERER"=>"/projects/new"}
REQUESTING PAGE: GET /login with {} and HTTP headers {}
REQUESTING PAGE: POST /sessions with {"utf8"=>"✓", "session[email]"=>"mhartl@example.com", "session[password]"=>"foobar", "commit"=>"Sign in"} and HTTP headers {"HTTP_REFERER"=>"/login"}
REQUESTING PAGE: GET http://www.example.com/ with {} and HTTP headers {"HTTP_REFERER"=>"/sessions"}
REQUESTING PAGE: GET /projects/new with {} and HTTP headers {"HTTP_REFERER"=>"http://www.example.com/"}
REQUESTING PAGE: POST /projects with {"utf8"=>"✓", "project[name]"=>"Project name", "commit"=>"Create project", "project[description]"=>"Lorem ipsum dolr sit amet"} and HTTP headers {"HTTP_REFERER"=>"/projects/new"}
REQUESTING PAGE: GET http://www.example.com/projects/1572 with {} and HTTP headers {"HTTP_REFERER"=>"/projects"}
REQUESTING PAGE: GET /signup with {} and HTTP headers {}
REQUESTING PAGE: POST /users with {"utf8"=>"✓", "user[first_name]"=>"", "user[last_name]"=>"", "user[email]"=>"", "user[password]"=>"", "user[password_confirmation]"=>"", "commit"=>"Sign up"} and HTTP headers {"HTTP_REFERER"=>"/signup"}
REQUESTING PAGE: GET /signup with {} and HTTP headers {}
REQUESTING PAGE: POST /users with {"utf8"=>"✓", "user[first_name]"=>"Example", "user[last_name]"=>"User", "user[email]"=>"user@example.com", "user[password]"=>"foobar", "user[password_confirmation]"=>"foobar", "commit"=>"Sign up"} and HTTP headers {"HTTP_REFERER"=>"/signup"}
REQUESTING PAGE: GET http://www.example.com/ with {} and HTTP headers {"HTTP_REFERER"=>"/users"}
REQUESTING PAGE: GET /login with {} and HTTP headers {}
REQUESTING PAGE: POST /sessions with {"utf8"=>"✓", "session[email]"=>"", "session[password]"=>"", "commit"=>"Sign in"} and HTTP headers {"HTTP_REFERER"=>"/login"}
REQUESTING PAGE: GET /login with {} and HTTP headers {}
REQUESTING PAGE: POST /sessions with {"utf8"=>"✓", "session[email]"=>"mhartl@example.com", "session[password]"=>"foobar", "commit"=>"Sign in"} and HTTP headers {"HTTP_REFERER"=>"/login"}
REQUESTING PAGE: GET http://www.example.com/ with {} and HTTP headers {"HTTP_REFERER"=>"/sessions"}
REQUESTING PAGE: GET /logout with {} and HTTP headers {"HTTP_REFERER"=>"http://www.example.com/"}
REQUESTING PAGE: GET http://www.example.com/ with {} and HTTP headers {"HTTP_REFERER"=>"/logout"}
REQUESTING PAGE: GET / with {} and HTTP headers {}
REQUESTING PAGE: GET /login with {} and HTTP headers {}
REQUESTING PAGE: POST /sessions with {"utf8"=>"✓", "session[email]"=>"mhartl@example.com", "session[password]"=>"foobar", "commit"=>"Sign in"} and HTTP headers {"HTTP_REFERER"=>"/login"}
REQUESTING PAGE: GET http://www.example.com/ with {} and HTTP headers {"HTTP_REFERER"=>"/sessions"}
REQUESTING PAGE: GET / with {} and HTTP headers {"HTTP_REFERER"=>"http://www.example.com/"}
REQUESTING PAGE: GET / with {} and HTTP headers {}
REQUESTING PAGE: GET / with {} and HTTP headers {}
REQUESTING PAGE: GET /login with {} and HTTP headers {"HTTP_REFERER"=>"/"}
REQUESTING PAGE: POST /sessions with {"utf8"=>"✓", "session[email]"=>"mhartl@example.com", "session[password]"=>"foobar", "commit"=>"Sign in"} and HTTP headers {"HTTP_REFERER"=>"/login"}
REQUESTING PAGE: GET http://www.example.com/ with {} and HTTP headers {"HTTP_REFERER"=>"/sessions"}
REQUESTING PAGE: GET /login with {} and HTTP headers {}
REQUESTING PAGE: POST /sessions with {"utf8"=>"✓", "session[email]"=>"mhartl@example.com", "session[password]"=>"foobar", "commit"=>"Sign in"} and HTTP headers {"HTTP_REFERER"=>"/login"}
REQUESTING PAGE: GET http://www.example.com/ with {} and HTTP headers {"HTTP_REFERER"=>"/sessions"}
REQUESTING PAGE: GET /projects/new with {} and HTTP headers {"HTTP_REFERER"=>"http://www.example.com/"}
REQUESTING PAGE: POST /projects with {"utf8"=>"✓", "project[name]"=>"", "commit"=>"Create project", "project[description]"=>""} and HTTP headers {"HTTP_REFERER"=>"/projects/new"}
REQUESTING PAGE: GET /login with {} and HTTP headers {}
REQUESTING PAGE: POST /sessions with {"utf8"=>"✓", "session[email]"=>"mhartl@example.com", "session[password]"=>"foobar", "commit"=>"Sign in"} and HTTP headers {"HTTP_REFERER"=>"/login"}
REQUESTING PAGE: GET http://www.example.com/ with {} and HTTP headers {"HTTP_REFERER"=>"/sessions"}
REQUESTING PAGE: GET /projects/new with {} and HTTP headers {"HTTP_REFERER"=>"http://www.example.com/"}
REQUESTING PAGE: POST /projects with {"utf8"=>"✓", "project[name]"=>"Project name", "commit"=>"Create project", "project[description]"=>"Lorem ipsum dolr sit amet"} and HTTP headers {"HTTP_REFERER"=>"/projects/new"}
REQUESTING PAGE: GET http://www.example.com/projects/1819 with {} and HTTP headers {"HTTP_REFERER"=>"/projects"}
REQUESTING PAGE: GET /signup with {} and HTTP headers {}
REQUESTING PAGE: POST /users with {"utf8"=>"✓", "user[first_name]"=>"", "user[last_name]"=>"", "user[email]"=>"", "user[password]"=>"", "user[password_confirmation]"=>"", "commit"=>"Sign up"} and HTTP headers {"HTTP_REFERER"=>"/signup"}
REQUESTING PAGE: GET /signup with {} and HTTP headers {}
REQUESTING PAGE: POST /users with {"utf8"=>"✓", "user[first_name]"=>"Example", "user[last_name]"=>"User", "user[email]"=>"user@example.com", "user[password]"=>"foobar", "user[password_confirmation]"=>"foobar", "commit"=>"Sign up"} and HTTP headers {"HTTP_REFERER"=>"/signup"}
REQUESTING PAGE: GET http://www.example.com/ with {} and HTTP headers {"HTTP_REFERER"=>"/users"}
REQUESTING PAGE: GET /login with {} and HTTP headers {}
REQUESTING PAGE: POST /sessions with {"utf8"=>"✓", "session[email]"=>"", "session[password]"=>"", "commit"=>"Sign in"} and HTTP headers {"HTTP_REFERER"=>"/login"}
REQUESTING PAGE: GET /login with {} and HTTP headers {}
REQUESTING PAGE: POST /sessions with {"utf8"=>"✓", "session[email]"=>"mhartl@example.com", "session[password]"=>"foobar", "commit"=>"Sign in"} and HTTP headers {"HTTP_REFERER"=>"/login"}
REQUESTING PAGE: GET http://www.example.com/ with {} and HTTP headers {"HTTP_REFERER"=>"/sessions"}
REQUESTING PAGE: GET /logout with {} and HTTP headers {"HTTP_REFERER"=>"http://www.example.com/"}
REQUESTING PAGE: GET http://www.example.com/ with {} and HTTP headers {"HTTP_REFERER"=>"/logout"}
REQUESTING PAGE: GET / with {} and HTTP headers {}
REQUESTING PAGE: GET /login with {} and HTTP headers {}
REQUESTING PAGE: POST /sessions with {"utf8"=>"✓", "session[email]"=>"mhartl@example.com", "session[password]"=>"foobar", "commit"=>"Sign in"} and HTTP headers {"HTTP_REFERER"=>"/login"}
REQUESTING PAGE: GET http://www.example.com/ with {} and HTTP headers {"HTTP_REFERER"=>"/sessions"}
REQUESTING PAGE: GET / with {} and HTTP headers {"HTTP_REFERER"=>"http://www.example.com/"}
REQUESTING PAGE: GET / with {} and HTTP headers {}
REQUESTING PAGE: GET / with {} and HTTP headers {}
REQUESTING PAGE: GET /login with {} and HTTP headers {"HTTP_REFERER"=>"/"}
REQUESTING PAGE: POST /sessions with {"utf8"=>"✓", "session[email]"=>"mhartl@example.com", "session[password]"=>"foobar", "commit"=>"Sign in"} and HTTP headers {"HTTP_REFERER"=>"/login"}
REQUESTING PAGE: GET http://www.example.com/ with {} and HTTP headers {"HTTP_REFERER"=>"/sessions"}
REQUESTING PAGE: GET /login with {} and HTTP headers {}
REQUESTING PAGE: POST /sessions with {"utf8"=>"✓", "session[email]"=>"mhartl@example.com", "session[password]"=>"foobar", "commit"=>"Sign in"} and HTTP headers {"HTTP_REFERER"=>"/login"}
REQUESTING PAGE: GET http://www.example.com/ with {} and HTTP headers {"HTTP_REFERER"=>"/sessions"}
REQUESTING PAGE: GET /projects/new with {} and HTTP headers {"HTTP_REFERER"=>"http://www.example.com/"}
REQUESTING PAGE: POST /projects with {"utf8"=>"✓", "project[name]"=>"", "commit"=>"Create project", "project[description]"=>""} and HTTP headers {"HTTP_REFERER"=>"/projects/new"}
REQUESTING PAGE: GET /login with {} and HTTP headers {}
REQUESTING PAGE: POST /sessions with {"utf8"=>"✓", "session[email]"=>"mhartl@example.com", "session[password]"=>"foobar", "commit"=>"Sign in"} and HTTP headers {"HTTP_REFERER"=>"/login"}
REQUESTING PAGE: GET http://www.example.com/ with {} and HTTP headers {"HTTP_REFERER"=>"/sessions"}
REQUESTING PAGE: GET /projects/new with {} and HTTP headers {"HTTP_REFERER"=>"http://www.example.com/"}
REQUESTING PAGE: POST /projects with {"utf8"=>"✓", "project[name]"=>"Project name", "commit"=>"Create project", "project[description]"=>"Lorem ipsum dolr sit amet"} and HTTP headers {"HTTP_REFERER"=>"/projects/new"}
REQUESTING PAGE: GET http://www.example.com/projects/2210 with {} and HTTP headers {"HTTP_REFERER"=>"/projects"}
REQUESTING PAGE: GET /signup with {} and HTTP headers {}
REQUESTING PAGE: POST /users with {"utf8"=>"✓", "user[first_name]"=>"", "user[last_name]"=>"", "user[email]"=>"", "user[password]"=>"", "user[password_confirmation]"=>"", "commit"=>"Sign up"} and HTTP headers {"HTTP_REFERER"=>"/signup"}
REQUESTING PAGE: GET /signup with {} and HTTP headers {}
REQUESTING PAGE: POST /users with {"utf8"=>"✓", "user[first_name]"=>"Example", "user[last_name]"=>"User", "user[email]"=>"user@example.com", "user[password]"=>"foobar", "user[password_confirmation]"=>"foobar", "commit"=>"Sign up"} and HTTP headers {"HTTP_REFERER"=>"/signup"}
REQUESTING PAGE: GET http://www.example.com/ with {} and HTTP headers {"HTTP_REFERER"=>"/users"}
REQUESTING PAGE: GET /login with {} and HTTP headers {}
REQUESTING PAGE: POST /sessions with {"utf8"=>"✓", "session[email]"=>"", "session[password]"=>"", "commit"=>"Sign in"} and HTTP headers {"HTTP_REFERER"=>"/login"}
REQUESTING PAGE: GET /login with {} and HTTP headers {}
REQUESTING PAGE: POST /sessions with {"utf8"=>"✓", "session[email]"=>"mhartl@example.com", "session[password]"=>"foobar", "commit"=>"Sign in"} and HTTP headers {"HTTP_REFERER"=>"/login"}
REQUESTING PAGE: GET http://www.example.com/ with {} and HTTP headers {"HTTP_REFERER"=>"/sessions"}
REQUESTING PAGE: GET /logout with {} and HTTP headers {"HTTP_REFERER"=>"http://www.example.com/"}
REQUESTING PAGE: GET http://www.example.com/ with {} and HTTP headers {"HTTP_REFERER"=>"/logout"}
REQUESTING PAGE: GET / with {} and HTTP headers {}
REQUESTING PAGE: GET /login with {} and HTTP headers {}
REQUESTING PAGE: POST /sessions with {"utf8"=>"✓", "session[email]"=>"mhartl@example.com", "session[password]"=>"foobar", "commit"=>"Sign in"} and HTTP headers {"HTTP_REFERER"=>"/login"}
REQUESTING PAGE: GET http://www.example.com/ with {} and HTTP headers {"HTTP_REFERER"=>"/sessions"}
REQUESTING PAGE: GET / with {} and HTTP headers {"HTTP_REFERER"=>"http://www.example.com/"}
REQUESTING PAGE: GET / with {} and HTTP headers {}
REQUESTING PAGE: GET / with {} and HTTP headers {}
REQUESTING PAGE: GET /login with {} and HTTP headers {"HTTP_REFERER"=>"/"}
REQUESTING PAGE: POST /sessions with {"utf8"=>"✓", "session[email]"=>"mhartl@example.com", "session[password]"=>"foobar", "commit"=>"Sign in"} and HTTP headers {"HTTP_REFERER"=>"/login"}
REQUESTING PAGE: GET http://www.example.com/ with {} and HTTP headers {"HTTP_REFERER"=>"/sessions"}
REQUESTING PAGE: GET /login with {} and HTTP headers {}
REQUESTING PAGE: POST /sessions with {"utf8"=>"✓", "session[email]"=>"mhartl@example.com", "session[password]"=>"foobar", "commit"=>"Sign in"} and HTTP headers {"HTTP_REFERER"=>"/login"}
REQUESTING PAGE: GET http://www.example.com/ with {} and HTTP headers {"HTTP_REFERER"=>"/sessions"}
REQUESTING PAGE: GET /projects/new with {} and HTTP headers {"HTTP_REFERER"=>"http://www.example.com/"}
REQUESTING PAGE: POST /projects with {"utf8"=>"✓", "project[name]"=>"", "commit"=>"Create project", "project[description]"=>""} and HTTP headers {"HTTP_REFERER"=>"/projects/new"}
REQUESTING PAGE: GET /login with {} and HTTP headers {}
REQUESTING PAGE: POST /sessions with {"utf8"=>"✓", "session[email]"=>"mhartl@example.com", "session[password]"=>"foobar", "commit"=>"Sign in"} and HTTP headers {"HTTP_REFERER"=>"/login"}
REQUESTING PAGE: GET http://www.example.com/ with {} and HTTP headers {"HTTP_REFERER"=>"/sessions"}
REQUESTING PAGE: GET /projects/new with {} and HTTP headers {"HTTP_REFERER"=>"http://www.example.com/"}
REQUESTING PAGE: POST /projects with {"utf8"=>"✓", "project[name]"=>"Project name", "commit"=>"Create project", "project[description]"=>"Lorem ipsum dolr sit amet"} and HTTP headers {"HTTP_REFERER"=>"/projects/new"}
REQUESTING PAGE: GET http://www.example.com/projects/2405 with {} and HTTP headers {"HTTP_REFERER"=>"/projects"}
REQUESTING PAGE: GET /signup with {} and HTTP headers {}
REQUESTING PAGE: POST /users with {"utf8"=>"✓", "user[first_name]"=>"", "user[last_name]"=>"", "user[email]"=>"", "user[password]"=>"", "user[password_confirmation]"=>"", "commit"=>"Sign up"} and HTTP headers {"HTTP_REFERER"=>"/signup"}
REQUESTING PAGE: GET /signup with {} and HTTP headers {}
REQUESTING PAGE: POST /users with {"utf8"=>"✓", "user[first_name]"=>"Example", "user[last_name]"=>"User", "user[email]"=>"user@example.com", "user[password]"=>"foobar", "user[password_confirmation]"=>"foobar", "commit"=>"Sign up"} and HTTP headers {"HTTP_REFERER"=>"/signup"}
REQUESTING PAGE: GET http://www.example.com/ with {} and HTTP headers {"HTTP_REFERER"=>"/users"}
REQUESTING PAGE: GET /login with {} and HTTP headers {}
REQUESTING PAGE: POST /sessions with {"utf8"=>"✓", "session[email]"=>"", "session[password]"=>"", "commit"=>"Sign in"} and HTTP headers {"HTTP_REFERER"=>"/login"}
REQUESTING PAGE: GET /login with {} and HTTP headers {}
REQUESTING PAGE: POST /sessions with {"utf8"=>"✓", "session[email]"=>"mhartl@example.com", "session[password]"=>"foobar", "commit"=>"Sign in"} and HTTP headers {"HTTP_REFERER"=>"/login"}
REQUESTING PAGE: GET http://www.example.com/ with {} and HTTP headers {"HTTP_REFERER"=>"/sessions"}
REQUESTING PAGE: GET /logout with {} and HTTP headers {"HTTP_REFERER"=>"http://www.example.com/"}
REQUESTING PAGE: GET http://www.example.com/ with {} and HTTP headers {"HTTP_REFERER"=>"/logout"}
